<?xml version="1.0" encoding="UTF-8"?>
<testng-results skipped="0" failed="0" ignored="0" total="3" passed="3">
  <reporter-output>
  </reporter-output>
  <suite name="tests.Tests" duration-ms="44448" started-at="2018-09-23T16:26:58Z" finished-at="2018-09-23T16:27:43Z">
    <groups>
    </groups>
    <test name="Command line test" duration-ms="44448" started-at="2018-09-23T16:26:58Z" finished-at="2018-09-23T16:27:43Z">
      <class name="tests.Tests">
        <test-method status="PASS" signature="setUp()[pri:0, instance:tests.Tests@cb5822]" name="setUp" is-config="true" duration-ms="8826" started-at="2018-09-23T16:26:58Z" finished-at="2018-09-23T16:27:07Z">
          <reporter-output>
          </reporter-output>
        </test-method> <!-- setUp -->
        <test-method status="PASS" signature="loginSahiTestFail()[pri:0, instance:tests.Tests@cb5822]" name="loginSahiTestFail" duration-ms="1648" started-at="2018-09-23T16:27:07Z" finished-at="2018-09-23T16:27:09Z">
          <reporter-output>
          </reporter-output>
        </test-method> <!-- loginSahiTestFail -->
        <test-method status="PASS" signature="tearDown()[pri:0, instance:tests.Tests@cb5822]" name="tearDown" is-config="true" duration-ms="152" started-at="2018-09-23T16:27:09Z" finished-at="2018-09-23T16:27:09Z">
          <reporter-output>
          </reporter-output>
        </test-method> <!-- tearDown -->
        <test-method status="PASS" signature="setUp()[pri:0, instance:tests.Tests@cb5822]" name="setUp" is-config="true" duration-ms="7647" started-at="2018-09-23T16:27:09Z" finished-at="2018-09-23T16:27:17Z">
          <reporter-output>
          </reporter-output>
        </test-method> <!-- setUp -->
        <test-method status="PASS" signature="loginSahiTestOK()[pri:0, instance:tests.Tests@cb5822]" name="loginSahiTestOK" duration-ms="6891" started-at="2018-09-23T16:27:17Z" finished-at="2018-09-23T16:27:24Z">
          <reporter-output>
          </reporter-output>
        </test-method> <!-- loginSahiTestOK -->
        <test-method status="PASS" signature="tearDown()[pri:0, instance:tests.Tests@cb5822]" name="tearDown" is-config="true" duration-ms="170" started-at="2018-09-23T16:27:24Z" finished-at="2018-09-23T16:27:24Z">
          <reporter-output>
          </reporter-output>
        </test-method> <!-- tearDown -->
        <test-method status="PASS" signature="setUp()[pri:0, instance:tests.Tests@cb5822]" name="setUp" is-config="true" duration-ms="7168" started-at="2018-09-23T16:27:24Z" finished-at="2018-09-23T16:27:31Z">
          <reporter-output>
          </reporter-output>
        </test-method> <!-- setUp -->
        <test-method status="PASS" signature="seleccionarPasajeros()[pri:0, instance:tests.Tests@cb5822]" name="seleccionarPasajeros" duration-ms="11739" started-at="2018-09-23T16:27:31Z" finished-at="2018-09-23T16:27:43Z">
          <reporter-output>
          </reporter-output>
        </test-method> <!-- seleccionarPasajeros -->
        <test-method status="PASS" signature="tearDown()[pri:0, instance:tests.Tests@cb5822]" name="tearDown" is-config="true" duration-ms="172" started-at="2018-09-23T16:27:43Z" finished-at="2018-09-23T16:27:43Z">
          <reporter-output>
          </reporter-output>
        </test-method> <!-- tearDown -->
      </class> <!-- tests.Tests -->
    </test> <!-- Command line test -->
  </suite> <!-- tests.Tests -->
</testng-results>
