<?xml version="1.0" encoding="UTF-8"?>
<!-- Generated by org.testng.reporters.JUnitXMLReporter -->
<testsuite hostname="3RO-PQVIS8FDX5L" ignored="0" name="Command line test" tests="3" failures="0" timestamp="23 sep 2018 16:27:43 GMT" time="44.448" errors="0">
  <testcase name="loginSahiTestFail" time="1.648" classname="tests.Tests"/>
  <testcase name="loginSahiTestOK" time="6.891" classname="tests.Tests"/>
  <testcase name="seleccionarPasajeros" time="11.739" classname="tests.Tests"/>
</testsuite> <!-- Command line test -->
